#
# There is insufficient memory for the Java Runtime Environment to continue.
# Native memory allocation (mmap) failed to map 528482304 bytes for G1 virtual space
# Possible reasons:
#   The system is out of physical RAM or swap space
#   The process is running with CompressedOops enabled, and the Java Heap may be blocking the growth of the native heap
# Possible solutions:
#   Reduce memory load on the system
#   Increase physical memory or swap space
#   Check if swap backing store is full
#   Decrease Java heap size (-Xmx/-Xms)
#   Decrease number of Java threads
#   Decrease Java thread stack sizes (-Xss)
#   Set larger code cache with -XX:ReservedCodeCacheSize=
#   JVM is running with Zero Based Compressed Oops mode in which the Java heap is
#     placed in the first 32GB address space. The Java Heap base address is the
#     maximum limit for the native heap growth. Please use -XX:HeapBaseMinAddress
#     to set the Java Heap base and to place the Java Heap above 32GB virtual address.
# This output file may be truncated or incomplete.
#
#  Out of Memory Error (os_windows.cpp:3530), pid=21996, tid=9464
#
# JRE version:  (18.0.2+9) (build )
# Java VM: Java HotSpot(TM) 64-Bit Server VM (18.0.2+9-61, mixed mode, sharing, tiered, compressed oops, compressed class ptrs, g1 gc, windows-amd64)
# No core dump will be written. Minidumps are not enabled by default on client versions of Windows
#

---------------  S U M M A R Y ------------

Command Line: -Dfile.encoding=UTF-8 

Host: AMD Ryzen 7 5800H with Radeon Graphics         , 16 cores, 31G,  Windows 10 , 64 bit Build 19041 (10.0.19041.1889)
Time: Tue Sep 20 12:12:25 2022 SE Asia Standard Time elapsed time: 0.046254 seconds (0d 0h 0m 0s)

---------------  T H R E A D  ---------------

Current thread (0x00000198e1ade760):  JavaThread "Unknown thread" [_thread_in_vm, id=9464, stack(0x0000003b12700000,0x0000003b12800000)]

Stack: [0x0000003b12700000,0x0000003b12800000]
Native frames: (J=compiled Java code, j=interpreted, Vv=VM code, C=native code)
V  [jvm.dll+0x6993ca]
V  [jvm.dll+0x7f481d]
V  [jvm.dll+0x7f612e]
V  [jvm.dll+0x7f67e3]
V  [jvm.dll+0x25cdaf]
V  [jvm.dll+0x696319]
V  [jvm.dll+0x68ae4a]
V  [jvm.dll+0x3223eb]
V  [jvm.dll+0x329dc6]
V  [jvm.dll+0x37eade]
V  [jvm.dll+0x37ed0f]
V  [jvm.dll+0x2fa16a]
V  [jvm.dll+0x2fb1cd]
V  [jvm.dll+0x7c3450]
V  [jvm.dll+0x38be61]
V  [jvm.dll+0x7a2073]
V  [jvm.dll+0x40dc3f]
V  [jvm.dll+0x40f611]
C  [jli.dll+0x526b]
C  [ucrtbase.dll+0x21bb2]
C  [KERNEL32.DLL+0x17034]
C  [ntdll.dll+0x526a1]


---------------  P R O C E S S  ---------------

Threads class SMR info:
_java_thread_list=0x00007ff9c56be550, length=0, elements={
}

Java Threads: ( => current thread )

Other Threads:
  0x00000198e1b8f410 WorkerThread "GC Thread#0" [stack: 0x0000003b12800000,0x0000003b12900000] [id=30084]
  0x00000198e1ba13e0 ConcurrentGCThread "G1 Main Marker" [stack: 0x0000003b12900000,0x0000003b12a00000] [id=9320]
  0x00000198e1ba1b80 WorkerThread "G1 Conc#0" [stack: 0x0000003b12a00000,0x0000003b12b00000] [id=25136]

[error occurred during error reporting (printing all threads), id 0xc0000005, EXCEPTION_ACCESS_VIOLATION (0xc0000005) at pc=0x00007ff9c4eea707]

VM state: not at safepoint (not fully initialized)

VM Mutex/Monitor currently owned by a thread:  ([mutex/lock_event])
[0x00000198e1ad9900] Heap_lock - owner thread: 0x00000198e1ade760

Heap address: 0x0000000609800000, size: 8040 MB, Compressed Oops mode: Zero based, Oop shift amount: 3

CDS archive(s) mapped at: [0x0000000000000000-0x0000000000000000-0x0000000000000000), size 0, SharedBaseAddress: 0x0000000800000000, ArchiveRelocationMode: 0.
Narrow klass base: 0x0000000000000000, Narrow klass shift: 0, Narrow klass range: 0x0

GC Precious Log:
 CardTable entry size: 512
 Card Set container configuration: InlinePtr #cards 4 size 8 Array Of Cards #cards 32 size 80 Howl #buckets 8 coarsen threshold 7372 Howl Bitmap #cards 1024 size 144 coarsen threshold 921 Card regions per heap region 1 cards per card region 8192

Heap:
 garbage-first heap   total 0K, used 0K [0x0000000609800000, 0x0000000800000000)
  region size 4096K, 0 young (0K), 0 survivors (0K)

[error occurred during error reporting (printing heap information), id 0xc0000005, EXCEPTION_ACCESS_VIOLATION (0xc0000005) at pc=0x00007ff9c52d1859]

GC Heap History (0 events):
No events

Deoptimization events (0 events):
No events

Classes loaded (0 events):
No events

Classes unloaded (0 events):
No events

Classes redefined (0 events):
No events

Internal exceptions (0 events):
No events

VM Operations (0 events):
No events

Events (1 events):
Event: 0.025 Loaded shared library C:\Program Files\Java\jdk-18.0.2\bin\java.dll


Dynamic libraries:
0x00007ff7b3800000 - 0x00007ff7b3810000 	C:\Program Files\Java\jdk-18.0.2\bin\java.exe
0x00007ffa020f0000 - 0x00007ffa022e8000 	C:\WINDOWS\SYSTEM32\ntdll.dll
0x00007ffa01f80000 - 0x00007ffa0203d000 	C:\WINDOWS\System32\KERNEL32.DLL
0x00007ff9ff930000 - 0x00007ff9ffbfe000 	C:\WINDOWS\System32\KERNELBASE.dll
0x00007ff9ffd50000 - 0x00007ff9ffe50000 	C:\WINDOWS\System32\ucrtbase.dll
0x00007ff9fb440000 - 0x00007ff9fb458000 	C:\Program Files\Java\jdk-18.0.2\bin\jli.dll
0x00007ffa014c0000 - 0x00007ffa0156e000 	C:\WINDOWS\System32\ADVAPI32.dll
0x00007ffa01ee0000 - 0x00007ffa01f7e000 	C:\WINDOWS\System32\msvcrt.dll
0x00007ffa00dc0000 - 0x00007ffa00e5c000 	C:\WINDOWS\System32\sechost.dll
0x00007ffa00fc0000 - 0x00007ffa010e5000 	C:\WINDOWS\System32\RPCRT4.dll
0x00007ffa00ae0000 - 0x00007ffa00c80000 	C:\WINDOWS\System32\USER32.dll
0x00007ff9ffc00000 - 0x00007ff9ffc22000 	C:\WINDOWS\System32\win32u.dll
0x00007ffa00150000 - 0x00007ffa0017a000 	C:\WINDOWS\System32\GDI32.dll
0x00007ff9ffe50000 - 0x00007ff9fff5b000 	C:\WINDOWS\System32\gdi32full.dll
0x00007ff9ec100000 - 0x00007ff9ec39a000 	C:\WINDOWS\WinSxS\amd64_microsoft.windows.common-controls_6595b64144ccf1df_6.0.19041.1110_none_60b5254171f9507e\COMCTL32.dll
0x00007ff9ff810000 - 0x00007ff9ff8ad000 	C:\WINDOWS\System32\msvcp_win.dll
0x00007ff9fa890000 - 0x00007ff9fa8aa000 	C:\Program Files\Java\jdk-18.0.2\bin\VCRUNTIME140.dll
0x00007ff9f82c0000 - 0x00007ff9f82ca000 	C:\WINDOWS\SYSTEM32\VERSION.dll
0x00007ffa019e0000 - 0x00007ffa01a10000 	C:\WINDOWS\System32\IMM32.DLL
0x00007ff9fb480000 - 0x00007ff9fb48c000 	C:\Program Files\Java\jdk-18.0.2\bin\vcruntime140_1.dll
0x00007ff9ce2f0000 - 0x00007ff9ce37d000 	C:\Program Files\Java\jdk-18.0.2\bin\msvcp140.dll
0x00007ff9c4be0000 - 0x00007ff9c57f1000 	C:\Program Files\Java\jdk-18.0.2\bin\server\jvm.dll
0x00007ffa01150000 - 0x00007ffa01158000 	C:\WINDOWS\System32\PSAPI.DLL
0x00007ff9f4c00000 - 0x00007ff9f4c27000 	C:\WINDOWS\SYSTEM32\WINMM.dll
0x00007ff9ef0c0000 - 0x00007ff9ef0c9000 	C:\WINDOWS\SYSTEM32\WSOCK32.dll
0x00007ffa02040000 - 0x00007ffa020ab000 	C:\WINDOWS\System32\WS2_32.dll
0x00007ff9fd6e0000 - 0x00007ff9fd6f2000 	C:\WINDOWS\SYSTEM32\kernel.appcore.dll
0x00007ff9f99c0000 - 0x00007ff9f99ca000 	C:\Program Files\Java\jdk-18.0.2\bin\jimage.dll
0x00007ff9f5770000 - 0x00007ff9f5954000 	C:\WINDOWS\SYSTEM32\DBGHELP.DLL
0x00007ff9f4680000 - 0x00007ff9f46ac000 	C:\WINDOWS\SYSTEM32\dbgcore.DLL
0x00007ff9fff60000 - 0x00007ff9fffe2000 	C:\WINDOWS\System32\bcryptPrimitives.dll
0x00007ff9f3360000 - 0x00007ff9f3385000 	C:\Program Files\Java\jdk-18.0.2\bin\java.dll

dbghelp: loaded successfully - version: 4.0.5 - missing functions: none
symbol engine: initialized successfully - sym options: 0x614 - pdb path: .;C:\Program Files\Java\jdk-18.0.2\bin;C:\WINDOWS\SYSTEM32;C:\WINDOWS\WinSxS\amd64_microsoft.windows.common-controls_6595b64144ccf1df_6.0.19041.1110_none_60b5254171f9507e;C:\Program Files\Java\jdk-18.0.2\bin\server

VM Arguments:
jvm_args: -Dfile.encoding=UTF-8 
java_command: <unknown>
java_class_path (initial): <not set>
Launcher Type: SUN_STANDARD

[Global flags]
     intx CICompilerCount                          = 12                                        {product} {ergonomic}
     uint ConcGCThreads                            = 3                                         {product} {ergonomic}
     uint G1ConcRefinementThreads                  = 13                                        {product} {ergonomic}
   size_t G1HeapRegionSize                         = 4194304                                   {product} {ergonomic}
    uintx GCDrainStackTargetSize                   = 64                                        {product} {ergonomic}
   size_t InitialHeapSize                          = 528482304                                 {product} {ergonomic}
   size_t MarkStackSize                            = 4194304                                   {product} {ergonomic}
   size_t MaxHeapSize                              = 8430551040                                {product} {ergonomic}
   size_t MinHeapDeltaBytes                        = 4194304                                   {product} {ergonomic}
   size_t MinHeapSize                              = 8388608                                   {product} {ergonomic}
    uintx NonNMethodCodeHeapSize                   = 7602480                                {pd product} {ergonomic}
    uintx NonProfiledCodeHeapSize                  = 122027880                              {pd product} {ergonomic}
    uintx ProfiledCodeHeapSize                     = 122027880                              {pd product} {ergonomic}
    uintx ReservedCodeCacheSize                    = 251658240                              {pd product} {ergonomic}
     bool SegmentedCodeCache                       = true                                      {product} {ergonomic}
   size_t SoftMaxHeapSize                          = 8430551040                             {manageable} {ergonomic}
     bool UseCompressedClassPointers               = true                           {product lp64_product} {ergonomic}
     bool UseCompressedOops                        = true                           {product lp64_product} {ergonomic}
     bool UseG1GC                                  = true                                      {product} {ergonomic}
     bool UseLargePagesIndividualAllocation        = false                                  {pd product} {ergonomic}

Logging:
Log output configuration:
 #0: stdout all=warning uptime,level,tags foldmultilines=false
 #1: stderr all=off uptime,level,tags foldmultilines=false

Environment Variables:
JAVA_TOOL_OPTIONS=-Dfile.encoding=UTF-8
PATH=C:\Program Files\Common Files\Oracle\Java\javapath;C:\Program Files\PlasticSCM5\server;C:\Program Files\PlasticSCM5\client;C:\Program Files\Oculus\Support\oculus-runtime;C:\WINDOWS\system32;C:\WINDOWS;C:\WINDOWS\System32\Wbem;C:\WINDOWS\System32\WindowsPowerShell\v1.0\;C:\WINDOWS\System32\OpenSSH\;C:\Program Files\NVIDIA Corporation\NVIDIA NvDLISR;C:\Program Files (x86)\NVIDIA Corporation\PhysX\Common;C:\Program Files\dotnet\;C:\Users\ASUS\AppData\Local\Microsoft\WindowsApps;C:\Users\ASUS\AppData\Local\GitHubDesktop\bin
USERNAME=ASUS
OS=Windows_NT
PROCESSOR_IDENTIFIER=AMD64 Family 25 Model 80 Stepping 0, AuthenticAMD



---------------  S Y S T E M  ---------------

OS:
 Windows 10 , 64 bit Build 19041 (10.0.19041.1889)
OS uptime: 2 days 11:39 hours

CPU: total 16 (initial active 16) (16 cores per cpu, 2 threads per core) family 25 model 80 stepping 0 microcode 0x0, cx8, cmov, fxsr, ht, mmx, 3dnowpref, sse, sse2, sse3, ssse3, sse4a, sse4.1, sse4.2, popcnt, lzcnt, tsc, tscinvbit, avx, avx2, aes, erms, clmul, bmi1, bmi2, adx, sha, fma, vzeroupper, clflush, clflushopt

Memory: 4k page, system-wide physical 32157M (631M free)
TotalPageFile size 93128M (AvailPageFile size 248M)
current process WorkingSet (physical memory assigned to process): 11M, peak: 11M
current process commit charge ("private bytes"): 71M, peak: 575M

vm_info: Java HotSpot(TM) 64-Bit Server VM (18.0.2+9-61) for windows-amd64 JRE (18.0.2+9-61), built on Jun  7 2022 13:09:01 by "mach5one" with MS VC++ 16.8 / 16.9 (VS2019)

END.
